#
# There is insufficient memory for the Java Runtime Environment to continue.
# Native memory allocation (malloc) failed to allocate 913776 bytes for Chunk::new
# Possible reasons:
#   The system is out of physical RAM or swap space
#   The process is running with CompressedOops enabled, and the Java Heap may be blocking the growth of the native heap
# Possible solutions:
#   Reduce memory load on the system
#   Increase physical memory or swap space
#   Check if swap backing store is full
#   Decrease Java heap size (-Xmx/-Xms)
#   Decrease number of Java threads
#   Decrease Java thread stack sizes (-Xss)
#   Set larger code cache with -XX:ReservedCodeCacheSize=
#   JVM is running with Unscaled Compressed Oops mode in which the Java heap is
#     placed in the first 4GB address space. The Java Heap base address is the
#     maximum limit for the native heap growth. Please use -XX:HeapBaseMinAddress
#     to set the Java Heap base and to place the Java Heap above 4GB virtual address.
# This output file may be truncated or incomplete.
#
#  Out of Memory Error (allocation.cpp:389), pid=12788, tid=0x0000000000000f80
#
# JRE version: OpenJDK Runtime Environment (8.0_242-b01) (build 1.8.0_242-release-1644-b01)
# Java VM: OpenJDK 64-Bit Server VM (25.242-b01 mixed mode windows-amd64 compressed oops)
# Failed to write core dump. Minidumps are not enabled by default on client versions of Windows
#

---------------  T H R E A D  ---------------

Current thread (0x0000000019ce4000):  JavaThread "C2 CompilerThread0" daemon [_thread_in_native, id=3968, stack(0x000000001a5b0000,0x000000001a6b0000)]

Stack: [0x000000001a5b0000,0x000000001a6b0000]
[error occurred during error reporting (printing stack bounds), id 0xc0000005]

Native frames: (J=compiled Java code, j=interpreted, Vv=VM code, C=native code)


Current CompileTask:
C2:3214075 23617       4       com.android.tools.r8.ir.optimize.r::a (466 bytes)


---------------  P R O C E S S  ---------------

Java Threads: ( => current thread )
  0x0000000020f19800 JavaThread "stdout" [_thread_in_native, id=8112, stack(0x0000000033b30000,0x0000000033c30000)]
  0x0000000020f15800 JavaThread "stderr" [_thread_in_native, id=2564, stack(0x0000000033a30000,0x0000000033b30000)]
  0x0000000020f15000 JavaThread "stdout" [_thread_in_native, id=13072, stack(0x0000000033930000,0x0000000033a30000)]
  0x0000000020f0c800 JavaThread "stderr" [_thread_in_native, id=8028, stack(0x0000000033830000,0x0000000033930000)]
  0x0000000020f13800 JavaThread "stdout" [_thread_in_native, id=12968, stack(0x0000000033730000,0x0000000033830000)]
  0x0000000020f12800 JavaThread "stderr" [_thread_in_native, id=8448, stack(0x0000000033630000,0x0000000033730000)]
  0x0000000020f0b000 JavaThread "stdout" [_thread_in_native, id=8208, stack(0x0000000033530000,0x0000000033630000)]
  0x0000000020f12000 JavaThread "stderr" [_thread_in_native, id=8360, stack(0x0000000033430000,0x0000000033530000)]
  0x0000000020f0a800 JavaThread "stdout" [_thread_in_native, id=11448, stack(0x0000000033330000,0x0000000033430000)]
  0x0000000020f10800 JavaThread "stderr" [_thread_in_native, id=9884, stack(0x0000000033230000,0x0000000033330000)]
  0x0000000020f0d800 JavaThread "stdout" [_thread_in_native, id=9176, stack(0x0000000033130000,0x0000000033230000)]
  0x0000000020f11000 JavaThread "stderr" [_thread_in_native, id=13300, stack(0x0000000033030000,0x0000000033130000)]
  0x0000000020f0f000 JavaThread "stdout" [_thread_in_native, id=12896, stack(0x0000000032f30000,0x0000000033030000)]
  0x0000000020f0e000 JavaThread "stderr" [_thread_in_native, id=10024, stack(0x0000000032e30000,0x0000000032f30000)]
  0x0000000020f0f800 JavaThread "stdout" [_thread_in_native, id=11824, stack(0x0000000032d30000,0x0000000032e30000)]
  0x0000000020f0c000 JavaThread "stderr" [_thread_in_native, id=10220, stack(0x0000000032c30000,0x0000000032d30000)]
  0x000000002122f800 JavaThread "pool-9-thread-1" [_thread_blocked, id=11248, stack(0x0000000032b30000,0x0000000032c30000)]
  0x000000002122e800 JavaThread "WorkerExecutor Queue Thread 8" [_thread_blocked, id=11104, stack(0x0000000032a30000,0x0000000032b30000)]
  0x000000002122b000 JavaThread "WorkerExecutor Queue Thread 7" [_thread_blocked, id=7240, stack(0x0000000032930000,0x0000000032a30000)]
  0x000000002122c800 JavaThread "WorkerExecutor Queue Thread 6" [_thread_blocked, id=11444, stack(0x0000000032830000,0x0000000032930000)]
  0x000000002122e000 JavaThread "WorkerExecutor Queue Thread 5" [_thread_blocked, id=12948, stack(0x0000000032730000,0x0000000032830000)]
  0x000000002122b800 JavaThread "WorkerExecutor Queue Thread 4" [_thread_blocked, id=3428, stack(0x0000000032630000,0x0000000032730000)]
  0x000000002122d000 JavaThread "WorkerExecutor Queue Thread 3" [_thread_blocked, id=11076, stack(0x0000000032530000,0x0000000032630000)]
  0x0000000021223800 JavaThread "WorkerExecutor Queue Thread 2" [_thread_blocked, id=12768, stack(0x0000000032430000,0x0000000032530000)]
  0x0000000021222800 JavaThread "WorkerExecutor Queue" [_thread_blocked, id=3712, stack(0x0000000032030000,0x0000000032130000)]
  0x0000000021229800 JavaThread "Cache worker for execution history cache (D:\Project\DigitalDoctor\.gradle\6.5\executionHistory)" [_thread_blocked, id=3844, stack(0x0000000031f30000,0x0000000032030000)]
  0x0000000021227000 JavaThread "Execution worker for ':' Thread 7" [_thread_blocked, id=10644, stack(0x0000000031e30000,0x0000000031f30000)]
  0x0000000021228000 JavaThread "Execution worker for ':' Thread 6" [_thread_blocked, id=8268, stack(0x0000000031d30000,0x0000000031e30000)]
  0x0000000021226800 JavaThread "Execution worker for ':' Thread 5" [_thread_blocked, id=4784, stack(0x0000000031c30000,0x0000000031d30000)]
  0x0000000021228800 JavaThread "Execution worker for ':' Thread 4" [_thread_blocked, id=10208, stack(0x0000000031b30000,0x0000000031c30000)]
  0x0000000021225000 JavaThread "Execution worker for ':' Thread 3" [_thread_blocked, id=9752, stack(0x0000000031a30000,0x0000000031b30000)]
  0x0000000021225800 JavaThread "Execution worker for ':' Thread 2" [_thread_blocked, id=6768, stack(0x0000000031930000,0x0000000031a30000)]
  0x0000000021220800 JavaThread "Execution worker for ':'" [_thread_blocked, id=11872, stack(0x0000000031830000,0x0000000031930000)]
  0x0000000021222000 JavaThread "Cache worker for file content cache (D:\Project\DigitalDoctor\.gradle\6.5\fileContent)" [_thread_blocked, id=11080, stack(0x0000000031330000,0x0000000031430000)]
  0x000000001b853800 JavaThread "Cache worker for Build Output Cleanup Cache (D:\Project\DigitalDoctor\.gradle\buildOutputCleanup)" [_thread_blocked, id=9280, stack(0x0000000031230000,0x0000000031330000)]
  0x000000001b84c000 JavaThread "jar transforms Thread 372" [_thread_blocked, id=11700, stack(0x0000000030130000,0x0000000030230000)]
  0x000000001b853000 JavaThread "jar transforms Thread 371" [_thread_blocked, id=8784, stack(0x0000000030030000,0x0000000030130000)]
  0x000000001b84d000 JavaThread "jar transforms Thread 370" [_thread_blocked, id=10232, stack(0x000000002ff30000,0x0000000030030000)]
  0x000000001b852000 JavaThread "jar transforms Thread 369" [_thread_blocked, id=8524, stack(0x000000002fe30000,0x000000002ff30000)]
  0x000000001b851800 JavaThread "jar transforms Thread 368" [_thread_blocked, id=3672, stack(0x000000002fd30000,0x000000002fe30000)]
  0x000000001b850800 JavaThread "jar transforms Thread 367" [_thread_blocked, id=8804, stack(0x000000002fc30000,0x000000002fd30000)]
  0x000000001b850000 JavaThread "jar transforms Thread 366" [_thread_blocked, id=12620, stack(0x000000002fb30000,0x000000002fc30000)]
  0x000000001b84f000 JavaThread "jar transforms Thread 365" [_thread_blocked, id=2140, stack(0x000000002fa30000,0x000000002fb30000)]
  0x000000001b84e800 JavaThread "jar transforms Thread 364" [_thread_blocked, id=11588, stack(0x000000002f930000,0x000000002fa30000)]
  0x000000001b84d800 JavaThread "jar transforms Thread 363" [_thread_blocked, id=6212, stack(0x000000002f830000,0x000000002f930000)]
  0x000000001b845000 JavaThread "jar transforms Thread 362" [_thread_blocked, id=3884, stack(0x000000002f730000,0x000000002f830000)]
  0x000000001b846000 JavaThread "jar transforms Thread 361" [_thread_blocked, id=10784, stack(0x000000002f630000,0x000000002f730000)]
  0x000000001b84a800 JavaThread "jar transforms Thread 360" [_thread_blocked, id=9040, stack(0x000000002f530000,0x000000002f630000)]
  0x000000001b849000 JavaThread "jar transforms Thread 359" [_thread_blocked, id=1600, stack(0x000000002df10000,0x000000002e010000)]
  0x000000001b84b800 JavaThread "jar transforms Thread 358" [_thread_blocked, id=4972, stack(0x000000002de10000,0x000000002df10000)]
  0x000000001b847000 JavaThread "jar transforms Thread 357" [_thread_blocked, id=1432, stack(0x000000002dae0000,0x000000002dbe0000)]
  0x000000001b847800 JavaThread "jar transforms Thread 356" [_thread_blocked, id=4804, stack(0x000000002b810000,0x000000002b910000)]
  0x000000001b848800 JavaThread "jar transforms Thread 355" [_thread_blocked, id=9440, stack(0x000000002b710000,0x000000002b810000)]
  0x000000001b844800 JavaThread "jar transforms Thread 354" [_thread_blocked, id=9300, stack(0x000000002b610000,0x000000002b710000)]
  0x000000001b84a000 JavaThread "jar transforms Thread 353" [_thread_blocked, id=11528, stack(0x000000002b510000,0x000000002b610000)]
  0x000000001c69c000 JavaThread "jar transforms Thread 352" [_thread_blocked, id=11928, stack(0x000000002b410000,0x000000002b510000)]
  0x000000001c6a0000 JavaThread "jar transforms Thread 351" [_thread_blocked, id=9196, stack(0x000000002b310000,0x000000002b410000)]
  0x000000001c69e800 JavaThread "jar transforms Thread 350" [_thread_blocked, id=7328, stack(0x000000002b110000,0x000000002b210000)]
  0x000000001c6a2000 JavaThread "jar transforms Thread 349" [_thread_blocked, id=4788, stack(0x000000002b010000,0x000000002b110000)]
  0x000000001c6a1800 JavaThread "jar transforms Thread 348" [_thread_blocked, id=12852, stack(0x000000002af10000,0x000000002b010000)]
  0x000000001c69d800 JavaThread "jar transforms Thread 347" [_thread_blocked, id=5788, stack(0x000000002ae10000,0x000000002af10000)]
  0x000000001c69f000 JavaThread "jar transforms Thread 346" [_thread_blocked, id=10016, stack(0x000000002ad10000,0x000000002ae10000)]
  0x000000001c69d000 JavaThread "jar transforms Thread 345" [_thread_blocked, id=3864, stack(0x000000002ac10000,0x000000002ad10000)]
  0x000000001acbf000 JavaThread "jar transforms Thread 344" [_thread_blocked, id=1856, stack(0x000000002ab10000,0x000000002ac10000)]
  0x000000001acbc000 JavaThread "jar transforms Thread 343" [_thread_blocked, id=7192, stack(0x000000002aa10000,0x000000002ab10000)]
  0x000000001acb4000 JavaThread "jar transforms Thread 342" [_thread_blocked, id=11028, stack(0x000000002a910000,0x000000002aa10000)]
  0x000000001acbb000 JavaThread "jar transforms Thread 341" [_thread_blocked, id=4992, stack(0x000000002a810000,0x000000002a910000)]
  0x000000001acb6800 JavaThread "jar transforms Thread 340" [_thread_blocked, id=12116, stack(0x000000002a710000,0x000000002a810000)]
  0x000000001acba800 JavaThread "jar transforms Thread 339" [_thread_blocked, id=8824, stack(0x000000002a610000,0x000000002a710000)]
  0x000000001acb9000 JavaThread "jar transforms Thread 338" [_thread_blocked, id=11184, stack(0x000000002a510000,0x000000002a610000)]
  0x000000001acb5800 JavaThread "jar transforms Thread 337" [_thread_blocked, id=8868, stack(0x000000002a410000,0x000000002a510000)]
  0x000000001acb9800 JavaThread "jar transforms Thread 336" [_thread_blocked, id=9024, stack(0x000000002a310000,0x000000002a410000)]
  0x000000001acb8000 JavaThread "jar transforms Thread 335" [_thread_blocked, id=10984, stack(0x000000002a210000,0x000000002a310000)]
  0x000000001acb2800 JavaThread "jar transforms Thread 334" [_thread_blocked, id=3176, stack(0x000000002a110000,0x000000002a210000)]
  0x000000001acb3800 JavaThread "jar transforms Thread 333" [_thread_blocked, id=13076, stack(0x000000002a010000,0x000000002a110000)]
  0x000000001acb5000 JavaThread "jar transforms Thread 332" [_thread_blocked, id=13280, stack(0x0000000029f10000,0x000000002a010000)]
  0x000000001acb1000 JavaThread "jar transforms Thread 331" [_thread_blocked, id=8228, stack(0x0000000029e10000,0x0000000029f10000)]
  0x000000002e64f800 JavaThread "jar transforms Thread 330" [_thread_blocked, id=628, stack(0x0000000029d10000,0x0000000029e10000)]
  0x000000002e650800 JavaThread "jar transforms Thread 329" [_thread_blocked, id=12456, stack(0x0000000029c10000,0x0000000029d10000)]
  0x000000002e64e000 JavaThread "jar transforms Thread 328" [_thread_blocked, id=7884, stack(0x0000000029b10000,0x0000000029c10000)]
  0x000000002e64f000 JavaThread "jar transforms Thread 327" [_thread_blocked, id=12160, stack(0x0000000029a10000,0x0000000029b10000)]
  0x000000002e652000 JavaThread "jar transforms Thread 326" [_thread_blocked, id=11376, stack(0x0000000029910000,0x0000000029a10000)]
  0x000000002e651000 JavaThread "jar transforms Thread 325" [_thread_blocked, id=6928, stack(0x0000000029810000,0x0000000029910000)]
  0x000000002e64d800 JavaThread "jar transforms Thread 324" [_thread_blocked, id=10480, stack(0x0000000029710000,0x0000000029810000)]
  0x000000002e646000 JavaThread "jar transforms Thread 323" [_thread_blocked, id=12548, stack(0x0000000029610000,0x0000000029710000)]
  0x000000002e64c800 JavaThread "jar transforms Thread 322" [_thread_blocked, id=9492, stack(0x0000000029510000,0x0000000029610000)]
  0x000000002e645000 JavaThread "jar transforms Thread 321" [_thread_blocked, id=10368, stack(0x0000000029410000,0x0000000029510000)]
  0x000000002e64c000 JavaThread "jar transforms Thread 320" [_thread_blocked, id=5228, stack(0x0000000029310000,0x0000000029410000)]
  0x000000002e644800 JavaThread "jar transforms Thread 319" [_thread_blocked, id=13168, stack(0x0000000029210000,0x0000000029310000)]
  0x000000002e64b000 JavaThread "jar transforms Thread 318" [_thread_blocked, id=13032, stack(0x0000000029110000,0x0000000029210000)]
  0x000000002e643800 JavaThread "jar transforms Thread 317" [_thread_blocked, id=11788, stack(0x0000000029010000,0x0000000029110000)]
  0x000000002e64a800 JavaThread "jar transforms Thread 316" [_thread_blocked, id=8968, stack(0x0000000028f10000,0x0000000029010000)]
  0x000000002e643000 JavaThread "jar transforms Thread 315" [_thread_blocked, id=6000, stack(0x0000000028e10000,0x0000000028f10000)]
  0x000000002e649800 JavaThread "jar transforms Thread 314" [_thread_blocked, id=1884, stack(0x0000000028d10000,0x0000000028e10000)]
  0x000000001bcc0000 JavaThread "jar transforms Thread 313" [_thread_blocked, id=10108, stack(0x0000000028c10000,0x0000000028d10000)]
  0x000000001bcc2000 JavaThread "jar transforms Thread 312" [_thread_blocked, id=1964, stack(0x0000000028b10000,0x0000000028c10000)]
  0x000000001bcc1800 JavaThread "jar transforms Thread 311" [_thread_blocked, id=1928, stack(0x0000000028a10000,0x0000000028b10000)]
  0x000000001bcc0800 JavaThread "jar transforms Thread 310" [_thread_blocked, id=12112, stack(0x0000000028910000,0x0000000028a10000)]
  0x000000001bcbf000 JavaThread "jar transforms Thread 309" [_thread_blocked, id=9384, stack(0x0000000028810000,0x0000000028910000)]
  0x000000001bcb7800 JavaThread "jar transforms Thread 308" [_thread_blocked, id=10164, stack(0x0000000028710000,0x0000000028810000)]
  0x000000001bcbd800 JavaThread "jar transforms Thread 307" [_thread_blocked, id=2756, stack(0x0000000028610000,0x0000000028710000)]
  0x000000001bcbd000 JavaThread "jar transforms Thread 306" [_thread_blocked, id=11560, stack(0x0000000028510000,0x0000000028610000)]
  0x000000001bcbe800 JavaThread "jar transforms Thread 305" [_thread_blocked, id=1504, stack(0x0000000028410000,0x0000000028510000)]
  0x000000001bcbb800 JavaThread "jar transforms Thread 304" [_thread_blocked, id=11676, stack(0x0000000028310000,0x0000000028410000)]
  0x000000001bcbc000 JavaThread "jar transforms Thread 303" [_thread_blocked, id=1644, stack(0x0000000028210000,0x0000000028310000)]
  0x000000001bcb5800 JavaThread "jar transforms Thread 302" [_thread_blocked, id=8168, stack(0x0000000028110000,0x0000000028210000)]
  0x000000001bcb7000 JavaThread "jar transforms Thread 301" [_thread_blocked, id=9184, stack(0x0000000028010000,0x0000000028110000)]
  0x000000001bcb3800 JavaThread "jar transforms Thread 300" [_thread_blocked, id=11844, stack(0x0000000027f10000,0x0000000028010000)]
  0x000000001bcba800 JavaThread "jar transforms Thread 299" [_thread_blocked, id=12640, stack(0x0000000027e10000,0x0000000027f10000)]
  0x000000001bcb6000 JavaThread "jar transforms Thread 298" [_thread_blocked, id=11176, stack(0x0000000027d10000,0x0000000027e10000)]
  0x000000001bcb8800 JavaThread "jar transforms Thread 297" [_thread_blocked, id=10332, stack(0x0000000027c10000,0x0000000027d10000)]
  0x000000001bcba000 JavaThread "jar transforms Thread 296" [_thread_blocked, id=10864, stack(0x0000000027b10000,0x0000000027c10000)]
  0x000000001f8b0000 JavaThread "jar transforms Thread 295" [_thread_blocked, id=1048, stack(0x0000000027a10000,0x0000000027b10000)]
  0x000000001f8b0800 JavaThread "jar transforms Thread 294" [_thread_blocked, id=8548, stack(0x0000000027910000,0x0000000027a10000)]
  0x000000001f8b5000 JavaThread "jar transforms Thread 293" [_thread_blocked, id=10116, stack(0x0000000027810000,0x0000000027910000)]
  0x000000001f8b3800 JavaThread "jar transforms Thread 292" [_thread_blocked, id=12228, stack(0x0000000027710000,0x0000000027810000)]
  0x000000001f8b3000 JavaThread "jar transforms Thread 291" [_thread_blocked, id=9984, stack(0x0000000027610000,0x0000000027710000)]
  0x000000001f8b4800 JavaThread "jar transforms Thread 290" [_thread_blocked, id=2624, stack(0x0000000027510000,0x0000000027610000)]
  0x000000001f8b2000 JavaThread "jar transforms Thread 289" [_thread_blocked, id=12564, stack(0x0000000027410000,0x0000000027510000)]
  0x000000001f8a8800 JavaThread "jar transforms Thread 288" [_thread_blocked, id=7040, stack(0x0000000027310000,0x0000000027410000)]
  0x000000001f8aa000 JavaThread "jar transforms Thread 287" [_thread_blocked, id=8808, stack(0x00000000261e0000,0x00000000262e0000)]
  0x000000001f8ac000 JavaThread "jar transforms Thread 286" [_thread_blocked, id=12308, stack(0x00000000260e0000,0x00000000261e0000)]
  0x000000001f8aa800 JavaThread "jar transforms Thread 285" [_thread_blocked, id=10696, stack(0x0000000025fe0000,0x00000000260e0000)]
  0x000000001f8ae800 JavaThread "jar transforms Thread 284" [_thread_blocked, id=1768, stack(0x0000000025ce0000,0x0000000025de0000)]
  0x000000001f8ab800 JavaThread "jar transforms Thread 283" [_thread_blocked, id=10868, stack(0x0000000025be0000,0x0000000025ce0000)]
  0x000000001f8ad800 JavaThread "jar transforms Thread 282" [_thread_blocked, id=3924, stack(0x0000000025ae0000,0x0000000025be0000)]
  0x000000001f8af000 JavaThread "jar transforms Thread 281" [_thread_blocked, id=12188, stack(0x00000000259e0000,0x0000000025ae0000)]
  0x000000001f8a6000 JavaThread "jar transforms Thread 280" [_thread_blocked, id=10952, stack(0x00000000258e0000,0x00000000259e0000)]
  0x000000001f8a7800 JavaThread "jar transforms Thread 279" [_thread_blocked, id=7348, stack(0x00000000257e0000,0x00000000258e0000)]
  0x000000001f8ad000 JavaThread "Build operations Thread 8" [_thread_blocked, id=5104, stack(0x00000000256e0000,0x00000000257e0000)]
  0x00000000213be800 JavaThread "Build operations Thread 7" [_thread_in_Java, id=6216, stack(0x00000000255e0000,0x00000000256e0000)]
  0x00000000213bd800 JavaThread "Build operations Thread 6" [_thread_blocked, id=2952, stack(0x00000000250e0000,0x00000000251e0000)]
  0x00000000213bd000 JavaThread "Build operations Thread 5" [_thread_blocked, id=12048, stack(0x00000000233f0000,0x00000000234f0000)]
  0x00000000213b5800 JavaThread "Build operations Thread 4" [_thread_blocked, id=2864, stack(0x0000000022af0000,0x0000000022bf0000)]
  0x00000000213b4800 JavaThread "Build operations Thread 3" [_thread_in_Java, id=10940, stack(0x00000000229f0000,0x0000000022af0000)]
  0x00000000213b4000 JavaThread "Build operations Thread 2" [_thread_blocked, id=6552, stack(0x00000000228f0000,0x00000000229f0000)]
  0x00000000213ba800 JavaThread "Build operations" [_thread_blocked, id=9104, stack(0x00000000225f0000,0x00000000226f0000)]
  0x00000000213b3000 JavaThread "Cache worker for cache directory md-rule (C:\Users\Dark Horse\.gradle\caches\6.5\md-rule)" [_thread_blocked, id=12536, stack(0x00000000224f0000,0x00000000225f0000)]
  0x00000000213ba000 JavaThread "Cache worker for cache directory md-supplier (C:\Users\Dark Horse\.gradle\caches\6.5\md-supplier)" [_thread_blocked, id=8200, stack(0x00000000223f0000,0x00000000224f0000)]
  0x00000000213b9000 JavaThread "Cache worker for checksums cache (D:\Project\DigitalDoctor\.gradle\checksums)" [_thread_blocked, id=688, stack(0x00000000222f0000,0x00000000223f0000)]
  0x00000000213b1800 JavaThread "Cache worker for file hash cache (D:\Project\DigitalDoctor\.gradle\6.5\fileHashes)" [_thread_blocked, id=10212, stack(0x00000000221f0000,0x00000000222f0000)]
  0x00000000213b8800 JavaThread "Thread-374" [_thread_blocked, id=11464, stack(0x00000000220f0000,0x00000000221f0000)]
  0x00000000213b1000 JavaThread "Stdin handler" [_thread_blocked, id=10760, stack(0x0000000021ff0000,0x00000000220f0000)]
  0x00000000213b7800 JavaThread "Asynchronous log dispatcher for DefaultDaemonConnection: socket connection from /127.0.0.1:3513 to /127.0.0.1:4552" [_thread_blocked, id=9808, stack(0x00000000202a0000,0x00000000203a0000)]
  0x00000000213b7000 JavaThread "Daemon worker Thread 4" [_thread_blocked, id=7900, stack(0x000000001ffa0000,0x00000000200a0000)]
  0x00000000213b0000 JavaThread "Cancel handler" [_thread_blocked, id=11476, stack(0x000000001e7d0000,0x000000001e8d0000)]
  0x00000000213b6000 JavaThread "Handler for socket connection from /127.0.0.1:3513 to /127.0.0.1:4552" [_thread_in_native, id=3732, stack(0x000000001e6d0000,0x000000001e7d0000)]
  0x00000000213b2800 JavaThread "Daemon Thread 4" [_thread_blocked, id=12364, stack(0x000000001e0d0000,0x000000001e1d0000)]
  0x000000001f8a9000 JavaThread "Memory manager" [_thread_blocked, id=9504, stack(0x0000000001170000,0x0000000001270000)]
  0x000000001acbf800 JavaThread "Cache worker for file content cache (C:\Users\Dark Horse\.gradle\caches\6.5\fileContent)" [_thread_blocked, id=12528, stack(0x00000000232f0000,0x00000000233f0000)]
  0x000000001acbc800 JavaThread "Cache worker for execution history cache (C:\Users\Dark Horse\.gradle\caches\6.5\executionHistory)" [_thread_blocked, id=3300, stack(0x0000000022df0000,0x0000000022ef0000)]
  0x000000001c6a0800 JavaThread "Cache worker for file hash cache (C:\Users\Dark Horse\.gradle\caches\6.5\fileHashes)" [_thread_blocked, id=10000, stack(0x000000001ecd0000,0x000000001edd0000)]
  0x000000001c69b800 JavaThread "File lock request listener" [_thread_in_native, id=10584, stack(0x000000001ebd0000,0x000000001ecd0000)]
  0x000000001c7fb000 JavaThread "Cache worker for journal cache (C:\Users\Dark Horse\.gradle\caches\journal-1)" [_thread_blocked, id=4632, stack(0x000000001ead0000,0x000000001ebd0000)]
  0x000000001b925800 JavaThread "Daemon periodic checks" [_thread_blocked, id=10488, stack(0x000000001ddd0000,0x000000001ded0000)]
  0x000000001b922800 JavaThread "Incoming local TCP Connector on port 3513" [_thread_in_native, id=5432, stack(0x000000001db90000,0x000000001dc90000)]
  0x000000001bffb000 JavaThread "Daemon health stats" [_thread_blocked, id=8980, stack(0x000000001d550000,0x000000001d650000)]
  0x0000000019d4d000 JavaThread "Service Thread" daemon [_thread_blocked, id=1156, stack(0x000000001a9b0000,0x000000001aab0000)]
  0x0000000019cfb800 JavaThread "C1 CompilerThread3" daemon [_thread_blocked, id=13288, stack(0x000000001a8b0000,0x000000001a9b0000)]
  0x0000000019ced800 JavaThread "C2 CompilerThread2" daemon [_thread_in_native, id=12600, stack(0x000000001a7b0000,0x000000001a8b0000)]
  0x0000000019ceb000 JavaThread "C2 CompilerThread1" daemon [_thread_in_native, id=4848, stack(0x000000001a6b0000,0x000000001a7b0000)]
=>0x0000000019ce4000 JavaThread "C2 CompilerThread0" daemon [_thread_in_native, id=3968, stack(0x000000001a5b0000,0x000000001a6b0000)]
  0x0000000019ce0800 JavaThread "Attach Listener" daemon [_thread_blocked, id=11244, stack(0x000000001a4b0000,0x000000001a5b0000)]
  0x0000000017ede800 JavaThread "Signal Dispatcher" daemon [_thread_blocked, id=4084, stack(0x000000001a3b0000,0x000000001a4b0000)]
  0x0000000019cd0800 JavaThread "Finalizer" daemon [_thread_blocked, id=4552, stack(0x000000001a1b0000,0x000000001a2b0000)]
  0x0000000002d97800 JavaThread "Reference Handler" daemon [_thread_blocked, id=2648, stack(0x000000001a0b0000,0x000000001a1b0000)]
  0x0000000002ca2800 JavaThread "main" [_thread_blocked, id=280, stack(0x0000000002b20000,0x0000000002c20000)]

Other Threads:
  0x0000000017ec8800 VMThread [stack: 0x0000000019bb0000,0x0000000019cb0000] [id=12056]
  0x0000000019d4e000 WatcherThread [stack: 0x000000001aab0000,0x000000001abb0000] [id=9404]

VM state:not at safepoint (normal execution)

VM Mutex/Monitor currently owned by a thread: None

heap address: 0x0000000080000000, size: 2048 MB, Compressed Oops mode: 32-bit
Narrow klass base: 0x0000000000000000, Narrow klass shift: 3
Compressed class space size: 1073741824 Address: 0x0000000100000000

Heap:
 PSYoungGen      total 538112K, used 177434K [0x00000000d5580000, 0x00000000fb800000, 0x0000000100000000)
  eden space 458240K, 36% used [0x00000000d5580000,0x00000000dfa3a688,0x00000000f1500000)
  from space 79872K, 10% used [0x00000000f6a00000,0x00000000f728c300,0x00000000fb800000)
  to   space 83456K, 0% used [0x00000000f1500000,0x00000000f1500000,0x00000000f6680000)
 ParOldGen       total 233984K, used 140453K [0x0000000080000000, 0x000000008e480000, 0x00000000d5580000)
  object space 233984K, 60% used [0x0000000080000000,0x0000000088929450,0x000000008e480000)
 Metaspace       used 136808K, capacity 145286K, committed 145428K, reserved 1175552K
  class space    used 17851K, capacity 19469K, committed 19516K, reserved 1048576K

Card table byte_map: [0x0000000012220000,0x0000000012630000] byte_map_base: 0x0000000011e20000

Marking Bits: (ParMarkBitMap*) 0x000000005682f030
 Begin Bits: [0x00000000130e0000, 0x00000000150e0000)
 End Bits:   [0x00000000150e0000, 0x00000000170e0000)

Polling page: 0x0000000001300000

CodeCache: size=245760Kb used=71108Kb max_used=71108Kb free=174651Kb
 bounds [0x0000000002e60000, 0x0000000007440000, 0x0000000011e60000]
 total_blobs=21396 nmethods=20467 adapters=840
 compilation: enabled

Compilation events (10 events):
Event: 3213.942 Thread 0x0000000019cfb800 25562       2       com.android.tools.r8.s.b.Z0::g (6 bytes)
Event: 3213.942 Thread 0x0000000019cfb800 nmethod 25562 0x00000000073dbd50 code [0x00000000073dbec0, 0x00000000073dc028]
Event: 3213.972 Thread 0x0000000019cfb800 25566       2       com.android.tools.r8.s.b.a::c (11 bytes)
Event: 3213.973 Thread 0x0000000019cfb800 nmethod 25566 0x00000000073db950 code [0x00000000073dbac0, 0x00000000073dbc88]
Event: 3213.973 Thread 0x0000000019cfb800 25567       2       com.android.tools.r8.code.f::<init> (8 bytes)
Event: 3213.973 Thread 0x0000000019cfb800 nmethod 25567 0x00000000073db5d0 code [0x00000000073db740, 0x00000000073db8a8]
Event: 3213.977 Thread 0x0000000019cfb800 25568 %     3       com.android.tools.r8.s.b.X::C @ 23 (210 bytes)
Event: 3213.980 Thread 0x0000000019cfb800 nmethod 25568% 0x0000000007404c90 code [0x0000000007405180, 0x0000000007408358]
Event: 3213.982 Thread 0x0000000019cfb800 25569       2       com.android.tools.r8.ir.optimize.a0::a (72 bytes)
Event: 3213.983 Thread 0x0000000019cfb800 nmethod 25569 0x00000000073da8d0 code [0x00000000073dab00, 0x00000000073db098]

GC Heap History (10 events):
Event: 3210.551 GC heap before
{Heap before GC invocations=62 (full 4):
 PSYoungGen      total 371200K, used 300803K [0x00000000d5580000, 0x00000000f4800000, 0x0000000100000000)
  eden space 285696K, 100% used [0x00000000d5580000,0x00000000e6c80000,0x00000000e6c80000)
  from space 85504K, 17% used [0x00000000e6c80000,0x00000000e7b40e60,0x00000000ec000000)
  to   space 86528K, 0% used [0x00000000ef380000,0x00000000ef380000,0x00000000f4800000)
 ParOldGen       total 233984K, used 127079K [0x0000000080000000, 0x000000008e480000, 0x00000000d5580000)
  object space 233984K, 54% used [0x0000000080000000,0x0000000087c19d88,0x000000008e480000)
 Metaspace       used 136538K, capacity 144988K, committed 145172K, reserved 1175552K
  class space    used 17848K, capacity 19466K, committed 19516K, reserved 1048576K
Event: 3210.567 GC heap after
Heap after GC invocations=62 (full 4):
 PSYoungGen      total 422912K, used 13309K [0x00000000d5580000, 0x00000000f4800000, 0x0000000100000000)
  eden space 336384K, 0% used [0x00000000d5580000,0x00000000d5580000,0x00000000e9e00000)
  from space 86528K, 15% used [0x00000000ef380000,0x00000000f007f468,0x00000000f4800000)
  to   space 87040K, 0% used [0x00000000e9e00000,0x00000000e9e00000,0x00000000ef300000)
 ParOldGen       total 233984K, used 131430K [0x0000000080000000, 0x000000008e480000, 0x00000000d5580000)
  object space 233984K, 56% used [0x0000000080000000,0x0000000088059bf8,0x000000008e480000)
 Metaspace       used 136538K, capacity 144988K, committed 145172K, reserved 1175552K
  class space    used 17848K, capacity 19466K, committed 19516K, reserved 1048576K
}
Event: 3210.992 GC heap before
{Heap before GC invocations=63 (full 4):
 PSYoungGen      total 422912K, used 349693K [0x00000000d5580000, 0x00000000f4800000, 0x0000000100000000)
  eden space 336384K, 100% used [0x00000000d5580000,0x00000000e9e00000,0x00000000e9e00000)
  from space 86528K, 15% used [0x00000000ef380000,0x00000000f007f468,0x00000000f4800000)
  to   space 87040K, 0% used [0x00000000e9e00000,0x00000000e9e00000,0x00000000ef300000)
 ParOldGen       total 233984K, used 131430K [0x0000000080000000, 0x000000008e480000, 0x00000000d5580000)
  object space 233984K, 56% used [0x0000000080000000,0x0000000088059bf8,0x000000008e480000)
 Metaspace       used 136672K, capacity 145128K, committed 145428K, reserved 1175552K
  class space    used 17848K, capacity 19466K, committed 19516K, reserved 1048576K
Event: 3211.010 GC heap after
Heap after GC invocations=63 (full 4):
 PSYoungGen      total 423424K, used 11655K [0x00000000d5580000, 0x00000000f8180000, 0x0000000100000000)
  eden space 336384K, 0% used [0x00000000d5580000,0x00000000d5580000,0x00000000e9e00000)
  from space 87040K, 13% used [0x00000000e9e00000,0x00000000ea961ea8,0x00000000ef300000)
  to   space 87040K, 0% used [0x00000000f2c80000,0x00000000f2c80000,0x00000000f8180000)
 ParOldGen       total 233984K, used 133251K [0x0000000080000000, 0x000000008e480000, 0x00000000d5580000)
  object space 233984K, 56% used [0x0000000080000000,0x0000000088220f00,0x000000008e480000)
 Metaspace       used 136672K, capacity 145128K, committed 145428K, reserved 1175552K
  class space    used 17848K, capacity 19466K, committed 19516K, reserved 1048576K
}
Event: 3211.424 GC heap before
{Heap before GC invocations=64 (full 4):
 PSYoungGen      total 423424K, used 348039K [0x00000000d5580000, 0x00000000f8180000, 0x0000000100000000)
  eden space 336384K, 100% used [0x00000000d5580000,0x00000000e9e00000,0x00000000e9e00000)
  from space 87040K, 13% used [0x00000000e9e00000,0x00000000ea961ea8,0x00000000ef300000)
  to   space 87040K, 0% used [0x00000000f2c80000,0x00000000f2c80000,0x00000000f8180000)
 ParOldGen       total 233984K, used 133251K [0x0000000080000000, 0x000000008e480000, 0x00000000d5580000)
  object space 233984K, 56% used [0x0000000080000000,0x0000000088220f00,0x000000008e480000)
 Metaspace       used 136718K, capacity 145140K, committed 145428K, reserved 1175552K
  class space    used 17849K, capacity 19468K, committed 19516K, reserved 1048576K
Event: 3211.441 GC heap after
Heap after GC invocations=64 (full 4):
 PSYoungGen      total 478208K, used 12036K [0x00000000d5580000, 0x00000000f7e80000, 0x0000000100000000)
  eden space 394240K, 0% used [0x00000000d5580000,0x00000000d5580000,0x00000000ed680000)
  from space 83968K, 14% used [0x00000000f2c80000,0x00000000f3841178,0x00000000f7e80000)
  to   space 86016K, 0% used [0x00000000ed680000,0x00000000ed680000,0x00000000f2a80000)
 ParOldGen       total 233984K, used 134491K [0x0000000080000000, 0x000000008e480000, 0x00000000d5580000)
  object space 233984K, 57% used [0x0000000080000000,0x0000000088356f40,0x000000008e480000)
 Metaspace       used 136718K, capacity 145140K, committed 145428K, reserved 1175552K
  class space    used 17849K, capacity 19468K, committed 19516K, reserved 1048576K
}
Event: 3211.888 GC heap before
{Heap before GC invocations=65 (full 4):
 PSYoungGen      total 478208K, used 406276K [0x00000000d5580000, 0x00000000f7e80000, 0x0000000100000000)
  eden space 394240K, 100% used [0x00000000d5580000,0x00000000ed680000,0x00000000ed680000)
  from space 83968K, 14% used [0x00000000f2c80000,0x00000000f3841178,0x00000000f7e80000)
  to   space 86016K, 0% used [0x00000000ed680000,0x00000000ed680000,0x00000000f2a80000)
 ParOldGen       total 233984K, used 134491K [0x0000000080000000, 0x000000008e480000, 0x00000000d5580000)
  object space 233984K, 57% used [0x0000000080000000,0x0000000088356f40,0x000000008e480000)
 Metaspace       used 136759K, capacity 145218K, committed 145428K, reserved 1175552K
  class space    used 17851K, capacity 19469K, committed 19516K, reserved 1048576K
Event: 3211.912 GC heap after
Heap after GC invocations=65 (full 4):
 PSYoungGen      total 480256K, used 12050K [0x00000000d5580000, 0x00000000fbc80000, 0x0000000100000000)
  eden space 394240K, 0% used [0x00000000d5580000,0x00000000d5580000,0x00000000ed680000)
  from space 86016K, 14% used [0x00000000ed680000,0x00000000ee244b00,0x00000000f2a80000)
  to   space 84480K, 0% used [0x00000000f6a00000,0x00000000f6a00000,0x00000000fbc80000)
 ParOldGen       total 233984K, used 137858K [0x0000000080000000, 0x000000008e480000, 0x00000000d5580000)
  object space 233984K, 58% used [0x0000000080000000,0x00000000886a0b10,0x000000008e480000)
 Metaspace       used 136759K, capacity 145218K, committed 145428K, reserved 1175552K
  class space    used 17851K, capacity 19469K, committed 19516K, reserved 1048576K
}
Event: 3213.861 GC heap before
{Heap before GC invocations=66 (full 4):
 PSYoungGen      total 480256K, used 406290K [0x00000000d5580000, 0x00000000fbc80000, 0x0000000100000000)
  eden space 394240K, 100% used [0x00000000d5580000,0x00000000ed680000,0x00000000ed680000)
  from space 86016K, 14% used [0x00000000ed680000,0x00000000ee244b00,0x00000000f2a80000)
  to   space 84480K, 0% used [0x00000000f6a00000,0x00000000f6a00000,0x00000000fbc80000)
 ParOldGen       total 233984K, used 137858K [0x0000000080000000, 0x000000008e480000, 0x00000000d5580000)
  object space 233984K, 58% used [0x0000000080000000,0x00000000886a0b10,0x000000008e480000)
 Metaspace       used 136800K, capacity 145286K, committed 145428K, reserved 1175552K
  class space    used 17851K, capacity 19469K, committed 19516K, reserved 1048576K
Event: 3213.879 GC heap after
Heap after GC invocations=66 (full 4):
 PSYoungGen      total 538112K, used 8752K [0x00000000d5580000, 0x00000000fb800000, 0x0000000100000000)
  eden space 458240K, 0% used [0x00000000d5580000,0x00000000d5580000,0x00000000f1500000)
  from space 79872K, 10% used [0x00000000f6a00000,0x00000000f728c300,0x00000000fb800000)
  to   space 83456K, 0% used [0x00000000f1500000,0x00000000f1500000,0x00000000f6680000)
 ParOldGen       total 233984K, used 140453K [0x0000000080000000, 0x000000008e480000, 0x00000000d5580000)
  object space 233984K, 60% used [0x0000000080000000,0x0000000088929450,0x000000008e480000)
 Metaspace       used 136800K, capacity 145286K, committed 145428K, reserved 1175552K
  class space    used 17851K, capacity 19469K, committed 19516K, reserved 1048576K
}

Deoptimization events (10 events):
Event: 3210.023 Thread 0x00000000213b4800 Uncommon trap: reason=unstable_if action=reinterpret pc=0x0000000006929bb4 method=java.util.TimSort.countRunAndMakeAscending([Ljava/lang/Object;IILjava/util/Comparator;)I @ 27
Event: 3210.773 Thread 0x00000000213bd000 Uncommon trap: reason=unstable_if action=reinterpret pc=0x0000000006b3b7fc method=com.android.tools.r8.t.a.a.a.f.X$e.contains(Ljava/lang/Object;)Z @ 176
Event: 3210.951 Thread 0x00000000213b4800 Uncommon trap: reason=unstable_if action=reinterpret pc=0x00000000071daf44 method=com.android.tools.r8.ir.regalloc.a.a(Lcom/android/tools/r8/ir/regalloc/a$a;Z)Lcom/android/tools/r8/ir/regalloc/a$a; @ 2768
Event: 3211.494 Thread 0x00000000213b4000 Uncommon trap: reason=class_check action=maybe_recompile pc=0x00000000071f23e4 method=com.android.tools.r8.ir.conversion.o.a(Lcom/android/tools/r8/ir/conversion/N;IZ)V @ 524
Event: 3211.786 Thread 0x00000000213ba800 Uncommon trap: reason=unstable_if action=reinterpret pc=0x0000000006cff194 method=com.android.tools.r8.ir.conversion.N.a(ILcom/android/tools/r8/s/b/t1;Lcom/android/tools/r8/s/b/o;Lcom/android/tools/r8/s/b/o$c;Lcom/android/tools/r8/s/b/U0$a;)Lcom/android/t
Event: 3211.790 Thread 0x00000000213ba800 Uncommon trap: reason=unstable_if action=reinterpret pc=0x00000000071337f8 method=com.android.tools.r8.s.a.h.e.b(Lcom/android/tools/r8/s/b/k0;)V @ 11
Event: 3211.988 Thread 0x00000000213b4800 Uncommon trap: reason=unstable_if action=reinterpret pc=0x00000000071f20ac method=com.android.tools.r8.t.a.a.a.f.X$e.contains(Ljava/lang/Object;)Z @ 176
Event: 3212.039 Thread 0x00000000213b4800 Uncommon trap: reason=class_check action=maybe_recompile pc=0x0000000007308438 method=com.android.tools.r8.s.b.q1.a(Lcom/android/tools/r8/s/b/b;Ljava/util/function/Predicate;)Lcom/android/tools/r8/s/b/q1; @ 26
Event: 3212.237 Thread 0x00000000213b4800 Uncommon trap: reason=null_check action=make_not_entrant pc=0x0000000005d789cc method=com.android.tools.r8.graph.i0.computeEquals(Ljava/lang/Object;)Z @ 1
Event: 3212.488 Thread 0x000000001f8ad000 Uncommon trap: reason=unstable_if action=reinterpret pc=0x000000000712c4e8 method=com.android.tools.r8.graph.i0.a([C)I @ 68

Classes redefined (0 events):
No events

Internal exceptions (10 events):
Event: 3212.126 Thread 0x00000000213b4000 Exception <a 'sun/nio/fs/WindowsException'> (0x00000000e0bd6e38) thrown at [C:\src\AOSP-openjdk-git\hotspot\src\share\vm\prims\jni.cpp, line 710]
Event: 3212.237 Thread 0x00000000213b4800 Implicit null exception at 0x0000000005d7884f to 0x0000000005d789bd
Event: 3212.260 Thread 0x00000000213b4800 Exception <a 'sun/nio/fs/WindowsException'> (0x00000000e57b76e0) thrown at [C:\src\AOSP-openjdk-git\hotspot\src\share\vm\prims\jni.cpp, line 710]
Event: 3212.290 Thread 0x0000000021225000 Exception <a 'sun/nio/fs/WindowsException'> (0x00000000e5dc4800) thrown at [C:\src\AOSP-openjdk-git\hotspot\src\share\vm\prims\jni.cpp, line 710]
Event: 3212.691 Thread 0x000000001f8ad000 Exception <a 'sun/nio/fs/WindowsException'> (0x00000000ec1702c0) thrown at [C:\src\AOSP-openjdk-git\hotspot\src\share\vm\prims\jni.cpp, line 710]
Event: 3213.741 Thread 0x00000000213ba800 Exception <a 'sun/nio/fs/WindowsException'> (0x00000000d5e12d78) thrown at [C:\src\AOSP-openjdk-git\hotspot\src\share\vm\prims\jni.cpp, line 710]
Event: 3213.768 Thread 0x00000000213ba800 Exception <a 'sun/nio/fs/WindowsException'> (0x00000000ecabaa78) thrown at [C:\src\AOSP-openjdk-git\hotspot\src\share\vm\prims\jni.cpp, line 710]
Event: 3213.851 Thread 0x00000000213be800 Exception <a 'sun/nio/fs/WindowsException'> (0x00000000ed18f4c0) thrown at [C:\src\AOSP-openjdk-git\hotspot\src\share\vm\prims\jni.cpp, line 710]
Event: 3213.858 Thread 0x00000000213b4000 Exception <a 'sun/nio/fs/WindowsException'> (0x00000000e0c750d8) thrown at [C:\src\AOSP-openjdk-git\hotspot\src\share\vm\prims\jni.cpp, line 710]
Event: 3213.905 Thread 0x00000000213b4800 Exception <a 'sun/nio/fs/WindowsException'> (0x00000000d69a0248) thrown at [C:\src\AOSP-openjdk-git\hotspot\src\share\vm\prims\jni.cpp, line 710]

Events (10 events):
Event: 3213.745 Thread 0x0000000021225000 DEOPT PACKING pc=0x0000000005b19c24 sp=0x0000000031b2a020
Event: 3213.745 Thread 0x0000000021225000 DEOPT UNPACKING pc=0x0000000002ea75d0 sp=0x0000000031b29d40 mode 0
Event: 3213.746 Thread 0x000000001f8ad000 DEOPT PACKING pc=0x000000000543385c sp=0x00000000257dc970
Event: 3213.746 Thread 0x000000001f8ad000 DEOPT UNPACKING pc=0x0000000002ea75d0 sp=0x00000000257dc728 mode 0
Event: 3213.746 Thread 0x000000001f8ad000 DEOPT PACKING pc=0x0000000005b19c24 sp=0x00000000257dca60
Event: 3213.746 Thread 0x000000001f8ad000 DEOPT UNPACKING pc=0x0000000002ea75d0 sp=0x00000000257dc780 mode 0
Event: 3213.860 Executing VM operation: ParallelGCFailedAllocation
Event: 3213.879 Executing VM operation: ParallelGCFailedAllocation done
Event: 3213.984 Thread 0x00000000213be800 DEOPT PACKING pc=0x0000000006bed678 sp=0x00000000256d9620
Event: 3213.984 Thread 0x00000000213be800 DEOPT UNPACKING pc=0x0000000002ea75d0 sp=0x00000000256d9670 mode 0


Dynamic libraries:
0x00007ff6eb4e0000 - 0x00007ff6eb511000 	D:\Android\New folder\jre\bin\java.exe
0x00007ff822af0000 - 0x00007ff822ce6000 	C:\WINDOWS\SYSTEM32\ntdll.dll
0x00007ff820b50000 - 0x00007ff820c0d000 	C:\WINDOWS\System32\KERNEL32.DLL
0x00007ff820510000 - 0x00007ff8207d9000 	C:\WINDOWS\System32\KERNELBASE.dll
0x00007ff822280000 - 0x00007ff82232c000 	C:\WINDOWS\System32\ADVAPI32.dll
0x00007ff8227a0000 - 0x00007ff82283e000 	C:\WINDOWS\System32\msvcrt.dll
0x00007ff821ef0000 - 0x00007ff821f8c000 	C:\WINDOWS\System32\sechost.dll
0x00007ff822970000 - 0x00007ff822a9b000 	C:\WINDOWS\System32\RPCRT4.dll
0x00007ff8220e0000 - 0x00007ff822280000 	C:\WINDOWS\System32\USER32.dll
0x00007ff820b20000 - 0x00007ff820b42000 	C:\WINDOWS\System32\win32u.dll
0x00007ff8217d0000 - 0x00007ff8217fa000 	C:\WINDOWS\System32\GDI32.dll
0x00007ff820a10000 - 0x00007ff820b1b000 	C:\WINDOWS\System32\gdi32full.dll
0x00007ff820970000 - 0x00007ff820a0d000 	C:\WINDOWS\System32\msvcp_win.dll
0x00007ff820410000 - 0x00007ff820510000 	C:\WINDOWS\System32\ucrtbase.dll
0x00007ff80e0a0000 - 0x00007ff80e33b000 	C:\WINDOWS\WinSxS\amd64_microsoft.windows.common-controls_6595b64144ccf1df_6.0.19041.746_none_ca02b4b61b8320a4\COMCTL32.dll
0x00007ff8215f0000 - 0x00007ff821620000 	C:\WINDOWS\System32\IMM32.DLL
0x0000000055520000 - 0x00000000555f2000 	D:\Android\New folder\jre\jre\bin\msvcr100.dll
0x0000000056060000 - 0x00000000568ab000 	D:\Android\New folder\jre\jre\bin\server\jvm.dll
0x00007ff822070000 - 0x00007ff822078000 	C:\WINDOWS\System32\PSAPI.DLL
0x00007ff80f350000 - 0x00007ff80f359000 	C:\WINDOWS\SYSTEM32\WSOCK32.dll
0x00007ff8134b0000 - 0x00007ff8134d7000 	C:\WINDOWS\SYSTEM32\WINMM.dll
0x00007ff81af80000 - 0x00007ff81af8a000 	C:\WINDOWS\SYSTEM32\VERSION.dll
0x00007ff821a50000 - 0x00007ff821abb000 	C:\WINDOWS\System32\WS2_32.dll
0x00007ff803fb0000 - 0x00007ff803fbf000 	D:\Android\New folder\jre\jre\bin\verify.dll
0x00007ffff59d0000 - 0x00007ffff59f9000 	D:\Android\New folder\jre\jre\bin\java.dll
0x00007ffff5ab0000 - 0x00007ffff5ac6000 	D:\Android\New folder\jre\jre\bin\zip.dll
0x00007ff820ea0000 - 0x00007ff8215e2000 	C:\WINDOWS\System32\SHELL32.dll
0x00007ff81e110000 - 0x00007ff81e8a0000 	C:\WINDOWS\SYSTEM32\windows.storage.dll
0x00007ff821b90000 - 0x00007ff821ee6000 	C:\WINDOWS\System32\combase.dll
0x00007ff81fc90000 - 0x00007ff81fcbc000 	C:\WINDOWS\SYSTEM32\Wldp.dll
0x00007ff8218f0000 - 0x00007ff82199e000 	C:\WINDOWS\System32\SHCORE.dll
0x00007ff821800000 - 0x00007ff821855000 	C:\WINDOWS\System32\shlwapi.dll
0x00007ff820160000 - 0x00007ff820186000 	C:\WINDOWS\SYSTEM32\profapi.dll
0x00007ffff59b0000 - 0x00007ffff59ca000 	D:\Android\New folder\jre\jre\bin\net.dll
0x00007ff81fa10000 - 0x00007ff81fa7a000 	C:\WINDOWS\system32\mswsock.dll
0x00007ffff3f40000 - 0x00007ffff3f53000 	D:\Android\New folder\jre\jre\bin\nio.dll
0x00007ff813fe0000 - 0x00007ff814007000 	C:\Users\Dark Horse\.gradle\native\f6784746aeab05261644944871eae4fe03e0ef1612fff0a4a95f87b438bc6780\windows-amd64\native-platform.dll
0x00007ff803780000 - 0x00007ff80378d000 	D:\Android\New folder\jre\jre\bin\management.dll
0x00007ff81fbe0000 - 0x00007ff81fbf8000 	C:\WINDOWS\SYSTEM32\CRYPTSP.dll
0x00007ff81f2e0000 - 0x00007ff81f314000 	C:\WINDOWS\system32\rsaenh.dll
0x00007ff8207e0000 - 0x00007ff820807000 	C:\WINDOWS\System32\bcrypt.dll
0x00007ff820120000 - 0x00007ff82014e000 	C:\WINDOWS\SYSTEM32\USERENV.dll
0x00007ff820390000 - 0x00007ff820410000 	C:\WINDOWS\System32\bcryptprimitives.dll
0x00007ff81fc00000 - 0x00007ff81fc0c000 	C:\WINDOWS\SYSTEM32\CRYPTBASE.dll
0x00007ff81f690000 - 0x00007ff81f6cb000 	C:\WINDOWS\SYSTEM32\IPHLPAPI.DLL
0x00007ff822aa0000 - 0x00007ff822aa8000 	C:\WINDOWS\System32\NSI.dll
0x00007ff81e030000 - 0x00007ff81e047000 	C:\WINDOWS\SYSTEM32\dhcpcsvc6.DLL
0x00007ff81e010000 - 0x00007ff81e02d000 	C:\WINDOWS\SYSTEM32\dhcpcsvc.DLL
0x00007ff81f700000 - 0x00007ff81f7cb000 	C:\WINDOWS\SYSTEM32\DNSAPI.dll
0x00007ff819b60000 - 0x00007ff819b6b000 	C:\WINDOWS\SYSTEM32\WINNSI.DLL
0x00007ffff85b0000 - 0x00007ffff85d4000 	D:\Android\New folder\jre\jre\bin\sunec.dll
0x00007ff8180b0000 - 0x00007ff8180ba000 	C:\Windows\System32\rasadhlp.dll
0x00007ff817f70000 - 0x00007ff817fef000 	C:\WINDOWS\System32\fwpuclnt.dll
0x00007ff812a40000 - 0x00007ff812a4b000 	D:\Android\New folder\jre\jre\bin\sunmscapi.dll
0x00007ff820810000 - 0x00007ff820966000 	C:\WINDOWS\System32\CRYPT32.dll
0x00007ff81f090000 - 0x00007ff81f0c3000 	C:\WINDOWS\SYSTEM32\ntmarta.dll
0x00007ff81d350000 - 0x00007ff81d3e0000 	C:\WINDOWS\system32\apphelp.dll

VM Arguments:
jvm_args: -Xmx2048m -Dfile.encoding=UTF-8 -Duser.country=US -Duser.language=en -Duser.variant 
java_command: org.gradle.launcher.daemon.bootstrap.GradleDaemon 6.5
java_class_path (initial): C:\Users\Dark Horse\.gradle\wrapper\dists\gradle-6.5-bin\6nifqtx7604sqp1q6g8wikw7p\gradle-6.5\lib\gradle-launcher-6.5.jar
Launcher Type: SUN_STANDARD

Environment Variables:
PATH=C:\Program Files (x86)\Common Files\Oracle\Java\javapath;"C:\Program Files (x86)\Common Files\Oracle\Java\javapath\C:\Program Files\Java\jdk1.8.0_241\bin;C:\Program Files\Java\jre1.8.0_241\bin";C:\Program Files (x86)\Common Files\Intel\Shared Libraries\redist\intel64\compiler;C:\MinGW\bin;C:\Program Files (x86)\mingw-w64\i686-8.1.0-posix-dwarf-rt_v6-rev0\mingw32\bin;C:\Program Files (x86)\Dev-Cpp\MinGW64\bin;C:\Dev-Cpp\mingw32\bin;C:\WINDOWS\system32;C:\WINDOWS;C:\WINDOWS\System32\Wbem;C:\WINDOWS\System32\WindowsPowerShell\v1.0\;C:\WINDOWS\System32\OpenSSH\;"C:\Windows\system32;C:\Windows;C:\Windows\System32\Wbem;C:\Windows\System32\WindowsPowerShell\v1.0\;C:\Windows\System32\OpenSSH\;C:\Users\Dark Horse\AppData\Local\Microsoft\WindowsApps;C:\Program Files (x86)\GnuWin32\bin;C:\Dev-Cpp\bin;C:\Program Files (x86)\";C:\Program Files\Java\jdk-13.0.2\bin;C:\Program Files\Java\jdk1.8.0_241\bin;C:\Program Files (x86)\Google\Chrome\;C:\php7;C:\Users\Dark Horse\AppData\Local\Programs\Python\Python38\Scripts;C:\Users\Dark Horse\AppData\Local\Programs\Python\Python38;C:\ProgramData\Anaconda3;C:\ProgramData\Anaconda3\Scripts;C:\ProgramData\Anaconda3\Library\bin;C:\ProgramData\Anaconda3\Library\mingw-w64\bin;C:\Program Files\dotnet\;D:\for_what\Git\cmd;C:\Program Files\nodejs\;C:\Users\Dark Horse\AppData\Local\Programs\Python\Python38\Scripts\;C:\Users\Dark Horse\AppData\Local\Programs\Python\Python38\;C:\Program Files (x86)\Google\Chrome\;D:\for_what\Microsoft VS Code\bin;D:\College\SEM_7\Practical\cd\Flex Windows\gcc\bin;D:\College\SEM_7\Practical\cd\Flex Windows\Lex\bin;D:\College\SEM_7\Practical\cd\Flex Windows\bison\bin;C:\Users\Dark Horse\AppData\Roaming\npm;%USERPROFILE%\AppData\Local\Microsoft\WindowsApps;
USERNAME=Dark Horse
OS=Windows_NT
PROCESSOR_IDENTIFIER=Intel64 Family 6 Model 142 Stepping 10, GenuineIntel



---------------  S Y S T E M  ---------------

OS: Windows 10.0 , 64 bit Build 19041 (10.0.19041.804)

CPU:total 8 (initial active 8) (4 cores per cpu, 2 threads per core) family 6 model 142 stepping 10, cmov, cx8, fxsr, mmx, sse, sse2, sse3, ssse3, sse4.1, sse4.2, popcnt, avx, avx2, aes, clmul, erms, 3dnowpref, lzcnt, ht, tsc, tscinvbit, bmi1, bmi2, adx

Memory: 4k page, physical 8301584k(614684k free), swap 8301584k(5848k free)

vm_info: OpenJDK 64-Bit Server VM (25.242-b01) for windows-amd64 JRE (1.8.0_242-release-1644-b01), built by "builder" with MS VC++ 10.0 (VS2010)

time: Thu Feb 18 11:55:53 2021
timezone: India Standard Time
elapsed time: 3214 seconds (0d 0h 53m 34s)

